{"D:\\Documentos\\ESTUDOS\\PROJETO DE BLOCO 2024\\projeto bloco\\src\\main.jsx": {"path":"D:\\Documentos\\ESTUDOS\\PROJETO DE BLOCO 2024\\projeto bloco\\src\\main.jsx","statementMap":{"0":{"start":{"line":6,"column":0},"end":{"line":10,"column":1}}},"fnMap":{},"branchMap":{},"s":{"0":0},"f":{},"b":{}}
,"D:\\Documentos\\ESTUDOS\\PROJETO DE BLOCO 2024\\projeto bloco\\src\\Filmes\\Filmes.jsx": {"path":"D:\\Documentos\\ESTUDOS\\PROJETO DE BLOCO 2024\\projeto bloco\\src\\Filmes\\Filmes.jsx","statementMap":{"0":{"start":{"line":9,"column":32},"end":{"line":9,"column":44}},"1":{"start":{"line":10,"column":32},"end":{"line":10,"column":44}},"2":{"start":{"line":11,"column":38},"end":{"line":11,"column":50}},"3":{"start":{"line":12,"column":40},"end":{"line":12,"column":52}},"4":{"start":{"line":13,"column":48},"end":{"line":13,"column":63}},"5":{"start":{"line":14,"column":19},"end":{"line":14,"column":53}},"6":{"start":{"line":16,"column":29},"end":{"line":38,"column":5}},"7":{"start":{"line":17,"column":8},"end":{"line":37,"column":9}},"8":{"start":{"line":18,"column":53},"end":{"line":31,"column":14}},"9":{"start":{"line":33,"column":12},"end":{"line":33,"column":51}},"10":{"start":{"line":34,"column":12},"end":{"line":34,"column":51}},"11":{"start":{"line":36,"column":12},"end":{"line":36,"column":68}},"12":{"start":{"line":40,"column":19},"end":{"line":69,"column":5}},"13":{"start":{"line":41,"column":8},"end":{"line":44,"column":9}},"14":{"start":{"line":42,"column":12},"end":{"line":42,"column":31}},"15":{"start":{"line":43,"column":12},"end":{"line":43,"column":19}},"16":{"start":{"line":46,"column":8},"end":{"line":68,"column":9}},"17":{"start":{"line":47,"column":53},"end":{"line":62,"column":14}},"18":{"start":{"line":64,"column":12},"end":{"line":64,"column":51}},"19":{"start":{"line":65,"column":12},"end":{"line":65,"column":51}},"20":{"start":{"line":67,"column":12},"end":{"line":67,"column":68}},"21":{"start":{"line":71,"column":4},"end":{"line":74,"column":11}},"22":{"start":{"line":72,"column":8},"end":{"line":72,"column":27}},"23":{"start":{"line":73,"column":8},"end":{"line":73,"column":39}},"24":{"start":{"line":76,"column":4},"end":{"line":78,"column":21}},"25":{"start":{"line":77,"column":8},"end":{"line":77,"column":17}},"26":{"start":{"line":80,"column":28},"end":{"line":88,"column":5}},"27":{"start":{"line":81,"column":8},"end":{"line":87,"column":9}},"28":{"start":{"line":82,"column":12},"end":{"line":82,"column":32}},"29":{"start":{"line":83,"column":12},"end":{"line":83,"column":75}},"30":{"start":{"line":83,"column":33},"end":{"line":83,"column":73}},"31":{"start":{"line":83,"column":57},"end":{"line":83,"column":72}},"32":{"start":{"line":85,"column":12},"end":{"line":85,"column":34}},"33":{"start":{"line":86,"column":12},"end":{"line":86,"column":48}},"34":{"start":{"line":86,"column":33},"end":{"line":86,"column":46}},"35":{"start":{"line":90,"column":28},"end":{"line":118,"column":5}},"36":{"start":{"line":91,"column":8},"end":{"line":117,"column":14}},"37":{"start":{"line":108,"column":28},"end":{"line":108,"column":47}},"38":{"start":{"line":109,"column":28},"end":{"line":109,"column":48}},"39":{"start":{"line":110,"column":28},"end":{"line":110,"column":54}},"40":{"start":{"line":120,"column":4},"end":{"line":142,"column":6}},"41":{"start":{"line":125,"column":35},"end":{"line":125,"column":58}},"42":{"start":{"line":132,"column":41},"end":{"line":132,"column":70}},"43":{"start":{"line":138,"column":39},"end":{"line":138,"column":70}},"44":{"start":{"line":139,"column":39},"end":{"line":139,"column":67}}},"fnMap":{"0":{"name":"FilmesGerais","decl":{"start":{"line":8,"column":24},"end":{"line":8,"column":36}},"loc":{"start":{"line":8,"column":39},"end":{"line":143,"column":1}},"line":8},"1":{"name":"(anonymous_1)","decl":{"start":{"line":16,"column":29},"end":{"line":16,"column":30}},"loc":{"start":{"line":16,"column":52},"end":{"line":38,"column":5}},"line":16},"2":{"name":"(anonymous_2)","decl":{"start":{"line":40,"column":19},"end":{"line":40,"column":20}},"loc":{"start":{"line":40,"column":31},"end":{"line":69,"column":5}},"line":40},"3":{"name":"(anonymous_3)","decl":{"start":{"line":71,"column":14},"end":{"line":71,"column":15}},"loc":{"start":{"line":71,"column":20},"end":{"line":74,"column":5}},"line":71},"4":{"name":"(anonymous_4)","decl":{"start":{"line":76,"column":14},"end":{"line":76,"column":15}},"loc":{"start":{"line":76,"column":20},"end":{"line":78,"column":5}},"line":76},"5":{"name":"(anonymous_5)","decl":{"start":{"line":80,"column":28},"end":{"line":80,"column":29}},"loc":{"start":{"line":80,"column":36},"end":{"line":88,"column":5}},"line":80},"6":{"name":"(anonymous_6)","decl":{"start":{"line":83,"column":25},"end":{"line":83,"column":26}},"loc":{"start":{"line":83,"column":33},"end":{"line":83,"column":73}},"line":83},"7":{"name":"(anonymous_7)","decl":{"start":{"line":83,"column":45},"end":{"line":83,"column":46}},"loc":{"start":{"line":83,"column":57},"end":{"line":83,"column":72}},"line":83},"8":{"name":"(anonymous_8)","decl":{"start":{"line":86,"column":25},"end":{"line":86,"column":26}},"loc":{"start":{"line":86,"column":33},"end":{"line":86,"column":46}},"line":86},"9":{"name":"(anonymous_9)","decl":{"start":{"line":90,"column":28},"end":{"line":90,"column":29}},"loc":{"start":{"line":91,"column":8},"end":{"line":117,"column":14}},"line":91},"10":{"name":"(anonymous_10)","decl":{"start":{"line":107,"column":41},"end":{"line":107,"column":42}},"loc":{"start":{"line":107,"column":48},"end":{"line":111,"column":25}},"line":107},"11":{"name":"(anonymous_11)","decl":{"start":{"line":125,"column":29},"end":{"line":125,"column":30}},"loc":{"start":{"line":125,"column":35},"end":{"line":125,"column":58}},"line":125},"12":{"name":"(anonymous_12)","decl":{"start":{"line":132,"column":34},"end":{"line":132,"column":35}},"loc":{"start":{"line":132,"column":41},"end":{"line":132,"column":70}},"line":132},"13":{"name":"(anonymous_13)","decl":{"start":{"line":138,"column":28},"end":{"line":138,"column":29}},"loc":{"start":{"line":138,"column":39},"end":{"line":138,"column":70}},"line":138},"14":{"name":"(anonymous_14)","decl":{"start":{"line":139,"column":28},"end":{"line":139,"column":29}},"loc":{"start":{"line":139,"column":39},"end":{"line":139,"column":67}},"line":139}},"branchMap":{"0":{"loc":{"start":{"line":16,"column":36},"end":{"line":16,"column":47}},"type":"default-arg","locations":[{"start":{"line":16,"column":45},"end":{"line":16,"column":47}}],"line":16},"1":{"loc":{"start":{"line":41,"column":8},"end":{"line":44,"column":9}},"type":"if","locations":[{"start":{"line":41,"column":8},"end":{"line":44,"column":9}},{"start":{},"end":{}}],"line":41},"2":{"loc":{"start":{"line":81,"column":8},"end":{"line":87,"column":9}},"type":"if","locations":[{"start":{"line":81,"column":8},"end":{"line":87,"column":9}},{"start":{"line":84,"column":15},"end":{"line":87,"column":9}}],"line":81},"3":{"loc":{"start":{"line":96,"column":28},"end":{"line":98,"column":96}},"type":"cond-expr","locations":[{"start":{"line":97,"column":34},"end":{"line":97,"column":87}},{"start":{"line":98,"column":34},"end":{"line":98,"column":96}}],"line":96},"4":{"loc":{"start":{"line":100,"column":29},"end":{"line":100,"column":72}},"type":"cond-expr","locations":[{"start":{"line":100,"column":48},"end":{"line":100,"column":59}},{"start":{"line":100,"column":62},"end":{"line":100,"column":72}}],"line":100},"5":{"loc":{"start":{"line":104,"column":29},"end":{"line":104,"column":72}},"type":"cond-expr","locations":[{"start":{"line":104,"column":48},"end":{"line":104,"column":59}},{"start":{"line":104,"column":62},"end":{"line":104,"column":72}}],"line":104},"6":{"loc":{"start":{"line":106,"column":57},"end":{"line":106,"column":117}},"type":"cond-expr","locations":[{"start":{"line":106,"column":76},"end":{"line":106,"column":94}},{"start":{"line":106,"column":97},"end":{"line":106,"column":117}}],"line":106},"7":{"loc":{"start":{"line":112,"column":29},"end":{"line":112,"column":92}},"type":"cond-expr","locations":[{"start":{"line":112,"column":60},"end":{"line":112,"column":78}},{"start":{"line":112,"column":81},"end":{"line":112,"column":92}}],"line":112},"8":{"loc":{"start":{"line":124,"column":57},"end":{"line":124,"column":87}},"type":"cond-expr","locations":[{"start":{"line":124,"column":74},"end":{"line":124,"column":82}},{"start":{"line":124,"column":85},"end":{"line":124,"column":87}}],"line":124}},"s":{"0":0,"1":0,"2":0,"3":0,"4":0,"5":0,"6":0,"7":0,"8":0,"9":0,"10":0,"11":0,"12":0,"13":0,"14":0,"15":0,"16":0,"17":0,"18":0,"19":0,"20":0,"21":0,"22":0,"23":0,"24":0,"25":0,"26":0,"27":0,"28":0,"29":0,"30":0,"31":0,"32":0,"33":0,"34":0,"35":0,"36":0,"37":0,"38":0,"39":0,"40":0,"41":0,"42":0,"43":0,"44":0},"f":{"0":0,"1":0,"2":0,"3":0,"4":0,"5":0,"6":0,"7":0,"8":0,"9":0,"10":0,"11":0,"12":0,"13":0,"14":0},"b":{"0":[0],"1":[0,0],"2":[0,0],"3":[0,0],"4":[0,0],"5":[0,0],"6":[0,0],"7":[0,0],"8":[0,0]}}
,"D:\\Documentos\\ESTUDOS\\PROJETO DE BLOCO 2024\\projeto bloco\\src\\components\\PrivateRoute.jsx": {"path":"D:\\Documentos\\ESTUDOS\\PROJETO DE BLOCO 2024\\projeto bloco\\src\\components\\PrivateRoute.jsx","statementMap":{},"fnMap":{},"branchMap":{},"s":{},"f":{},"b":{}}
,"D:\\Documentos\\ESTUDOS\\PROJETO DE BLOCO 2024\\projeto bloco\\src\\components\\Button\\Button.jsx": {"path":"D:\\Documentos\\ESTUDOS\\PROJETO DE BLOCO 2024\\projeto bloco\\src\\components\\Button\\Button.jsx","statementMap":{"0":{"start":{"line":4,"column":14},"end":{"line":10,"column":1}},"1":{"start":{"line":5,"column":2},"end":{"line":9,"column":4}}},"fnMap":{"0":{"name":"(anonymous_0)","decl":{"start":{"line":4,"column":14},"end":{"line":4,"column":15}},"loc":{"start":{"line":4,"column":63},"end":{"line":10,"column":1}},"line":4}},"branchMap":{"0":{"loc":{"start":{"line":4,"column":33},"end":{"line":4,"column":48}},"type":"default-arg","locations":[{"start":{"line":4,"column":40},"end":{"line":4,"column":48}}],"line":4}},"s":{"0":0,"1":0},"f":{"0":0},"b":{"0":[0]}}
,"D:\\Documentos\\ESTUDOS\\PROJETO DE BLOCO 2024\\projeto bloco\\src\\components\\Favoritar\\FavoritarFunc.jsx": {"path":"D:\\Documentos\\ESTUDOS\\PROJETO DE BLOCO 2024\\projeto bloco\\src\\components\\Favoritar\\FavoritarFunc.jsx","statementMap":{"0":{"start":{"line":2,"column":33},"end":{"line":8,"column":1}},"1":{"start":{"line":3,"column":22},"end":{"line":3,"column":73}},"2":{"start":{"line":4,"column":4},"end":{"line":7,"column":5}},"3":{"start":{"line":5,"column":8},"end":{"line":5,"column":27}},"4":{"start":{"line":6,"column":8},"end":{"line":6,"column":69}},"5":{"start":{"line":10,"column":31},"end":{"line":14,"column":1}},"6":{"start":{"line":11,"column":22},"end":{"line":11,"column":73}},"7":{"start":{"line":12,"column":27},"end":{"line":12,"column":72}},"8":{"start":{"line":12,"column":56},"end":{"line":12,"column":71}},"9":{"start":{"line":13,"column":4},"end":{"line":13,"column":70}},"10":{"start":{"line":16,"column":30},"end":{"line":18,"column":1}},"11":{"start":{"line":17,"column":4},"end":{"line":17,"column":63}}},"fnMap":{"0":{"name":"(anonymous_0)","decl":{"start":{"line":2,"column":33},"end":{"line":2,"column":34}},"loc":{"start":{"line":2,"column":41},"end":{"line":8,"column":1}},"line":2},"1":{"name":"(anonymous_1)","decl":{"start":{"line":10,"column":31},"end":{"line":10,"column":32}},"loc":{"start":{"line":10,"column":39},"end":{"line":14,"column":1}},"line":10},"2":{"name":"(anonymous_2)","decl":{"start":{"line":12,"column":44},"end":{"line":12,"column":45}},"loc":{"start":{"line":12,"column":56},"end":{"line":12,"column":71}},"line":12},"3":{"name":"(anonymous_3)","decl":{"start":{"line":16,"column":30},"end":{"line":16,"column":31}},"loc":{"start":{"line":16,"column":36},"end":{"line":18,"column":1}},"line":16}},"branchMap":{"0":{"loc":{"start":{"line":3,"column":22},"end":{"line":3,"column":73}},"type":"binary-expr","locations":[{"start":{"line":3,"column":22},"end":{"line":3,"column":67}},{"start":{"line":3,"column":71},"end":{"line":3,"column":73}}],"line":3},"1":{"loc":{"start":{"line":4,"column":4},"end":{"line":7,"column":5}},"type":"if","locations":[{"start":{"line":4,"column":4},"end":{"line":7,"column":5}},{"start":{},"end":{}}],"line":4},"2":{"loc":{"start":{"line":11,"column":22},"end":{"line":11,"column":73}},"type":"binary-expr","locations":[{"start":{"line":11,"column":22},"end":{"line":11,"column":67}},{"start":{"line":11,"column":71},"end":{"line":11,"column":73}}],"line":11},"3":{"loc":{"start":{"line":17,"column":11},"end":{"line":17,"column":62}},"type":"binary-expr","locations":[{"start":{"line":17,"column":11},"end":{"line":17,"column":56}},{"start":{"line":17,"column":60},"end":{"line":17,"column":62}}],"line":17}},"s":{"0":0,"1":0,"2":0,"3":0,"4":0,"5":0,"6":0,"7":0,"8":0,"9":0,"10":0,"11":0},"f":{"0":0,"1":0,"2":0,"3":0},"b":{"0":[0,0],"1":[0,0],"2":[0,0],"3":[0,0]}}
,"D:\\Documentos\\ESTUDOS\\PROJETO DE BLOCO 2024\\projeto bloco\\src\\components\\Footer\\Footer.jsx": {"path":"D:\\Documentos\\ESTUDOS\\PROJETO DE BLOCO 2024\\projeto bloco\\src\\components\\Footer\\Footer.jsx","statementMap":{"0":{"start":{"line":5,"column":15},"end":{"line":27,"column":1}},"1":{"start":{"line":6,"column":4},"end":{"line":26,"column":6}}},"fnMap":{"0":{"name":"(anonymous_0)","decl":{"start":{"line":5,"column":15},"end":{"line":5,"column":16}},"loc":{"start":{"line":5,"column":21},"end":{"line":27,"column":1}},"line":5}},"branchMap":{},"s":{"0":0,"1":0},"f":{"0":0},"b":{}}
,"D:\\Documentos\\ESTUDOS\\PROJETO DE BLOCO 2024\\projeto bloco\\src\\components\\Header\\Header.jsx": {"path":"D:\\Documentos\\ESTUDOS\\PROJETO DE BLOCO 2024\\projeto bloco\\src\\components\\Header\\Header.jsx","statementMap":{"0":{"start":{"line":8,"column":40},"end":{"line":8,"column":55}},"1":{"start":{"line":10,"column":25},"end":{"line":12,"column":5}},"2":{"start":{"line":11,"column":8},"end":{"line":11,"column":35}},"3":{"start":{"line":14,"column":4},"end":{"line":47,"column":6}},"4":{"start":{"line":38,"column":23},"end":{"line":38,"column":73}},"5":{"start":{"line":39,"column":30},"end":{"line":39,"column":67}},"6":{"start":{"line":40,"column":10},"end":{"line":40,"column":74}},"7":{"start":{"line":41,"column":10},"end":{"line":41,"column":52}}},"fnMap":{"0":{"name":"Header","decl":{"start":{"line":7,"column":24},"end":{"line":7,"column":30}},"loc":{"start":{"line":7,"column":33},"end":{"line":48,"column":1}},"line":7},"1":{"name":"(anonymous_1)","decl":{"start":{"line":10,"column":25},"end":{"line":10,"column":26}},"loc":{"start":{"line":10,"column":31},"end":{"line":12,"column":5}},"line":10},"2":{"name":"(anonymous_2)","decl":{"start":{"line":37,"column":33},"end":{"line":37,"column":34}},"loc":{"start":{"line":37,"column":39},"end":{"line":42,"column":9}},"line":37}},"branchMap":{"0":{"loc":{"start":{"line":27,"column":53},"end":{"line":27,"column":91}},"type":"cond-expr","locations":[{"start":{"line":27,"column":66},"end":{"line":27,"column":86}},{"start":{"line":27,"column":89},"end":{"line":27,"column":91}}],"line":27},"1":{"loc":{"start":{"line":39,"column":30},"end":{"line":39,"column":67}},"type":"cond-expr","locations":[{"start":{"line":39,"column":49},"end":{"line":39,"column":56}},{"start":{"line":39,"column":59},"end":{"line":39,"column":67}}],"line":39}},"s":{"0":0,"1":0,"2":0,"3":0,"4":0,"5":0,"6":0,"7":0},"f":{"0":0,"1":0,"2":0},"b":{"0":[0,0],"1":[0,0]}}
,"D:\\Documentos\\ESTUDOS\\PROJETO DE BLOCO 2024\\projeto bloco\\src\\context\\AuthContext.jsx": {"path":"D:\\Documentos\\ESTUDOS\\PROJETO DE BLOCO 2024\\projeto bloco\\src\\context\\AuthContext.jsx","statementMap":{},"fnMap":{},"branchMap":{},"s":{},"f":{},"b":{}}
,"D:\\Documentos\\ESTUDOS\\PROJETO DE BLOCO 2024\\projeto bloco\\src\\pages\\Login.jsx": {"path":"D:\\Documentos\\ESTUDOS\\PROJETO DE BLOCO 2024\\projeto bloco\\src\\pages\\Login.jsx","statementMap":{"0":{"start":{"line":4,"column":14},"end":{"line":114,"column":1}},"1":{"start":{"line":5,"column":21},"end":{"line":5,"column":34}},"2":{"start":{"line":7,"column":30},"end":{"line":7,"column":42}},"3":{"start":{"line":8,"column":30},"end":{"line":8,"column":42}},"4":{"start":{"line":9,"column":30},"end":{"line":9,"column":42}},"5":{"start":{"line":11,"column":24},"end":{"line":20,"column":5}},"6":{"start":{"line":12,"column":28},"end":{"line":12,"column":57}},"7":{"start":{"line":13,"column":28},"end":{"line":13,"column":57}},"8":{"start":{"line":15,"column":8},"end":{"line":19,"column":9}},"9":{"start":{"line":16,"column":12},"end":{"line":16,"column":41}},"10":{"start":{"line":18,"column":12},"end":{"line":18,"column":50}},"11":{"start":{"line":22,"column":4},"end":{"line":113,"column":6}},"12":{"start":{"line":64,"column":37},"end":{"line":64,"column":61}},"13":{"start":{"line":79,"column":37},"end":{"line":79,"column":61}},"14":{"start":{"line":105,"column":40},"end":{"line":105,"column":98}},"15":{"start":{"line":106,"column":39},"end":{"line":106,"column":90}}},"fnMap":{"0":{"name":"(anonymous_0)","decl":{"start":{"line":4,"column":14},"end":{"line":4,"column":15}},"loc":{"start":{"line":4,"column":20},"end":{"line":114,"column":1}},"line":4},"1":{"name":"(anonymous_1)","decl":{"start":{"line":11,"column":24},"end":{"line":11,"column":25}},"loc":{"start":{"line":11,"column":30},"end":{"line":20,"column":5}},"line":11},"2":{"name":"(anonymous_2)","decl":{"start":{"line":64,"column":30},"end":{"line":64,"column":31}},"loc":{"start":{"line":64,"column":37},"end":{"line":64,"column":61}},"line":64},"3":{"name":"(anonymous_3)","decl":{"start":{"line":79,"column":30},"end":{"line":79,"column":31}},"loc":{"start":{"line":79,"column":37},"end":{"line":79,"column":61}},"line":79},"4":{"name":"(anonymous_4)","decl":{"start":{"line":105,"column":33},"end":{"line":105,"column":34}},"loc":{"start":{"line":105,"column":40},"end":{"line":105,"column":98}},"line":105},"5":{"name":"(anonymous_5)","decl":{"start":{"line":106,"column":32},"end":{"line":106,"column":33}},"loc":{"start":{"line":106,"column":39},"end":{"line":106,"column":90}},"line":106}},"branchMap":{"0":{"loc":{"start":{"line":15,"column":8},"end":{"line":19,"column":9}},"type":"if","locations":[{"start":{"line":15,"column":8},"end":{"line":19,"column":9}},{"start":{"line":17,"column":15},"end":{"line":19,"column":9}}],"line":15},"1":{"loc":{"start":{"line":15,"column":12},"end":{"line":15,"column":58}},"type":"binary-expr","locations":[{"start":{"line":15,"column":12},"end":{"line":15,"column":33}},{"start":{"line":15,"column":37},"end":{"line":15,"column":58}}],"line":15},"2":{"loc":{"start":{"line":89,"column":17},"end":{"line":89,"column":87}},"type":"binary-expr","locations":[{"start":{"line":89,"column":17},"end":{"line":89,"column":22}},{"start":{"line":89,"column":26},"end":{"line":89,"column":87}}],"line":89}},"s":{"0":0,"1":0,"2":0,"3":0,"4":0,"5":0,"6":0,"7":0,"8":0,"9":0,"10":0,"11":0,"12":0,"13":0,"14":0,"15":0},"f":{"0":0,"1":0,"2":0,"3":0,"4":0,"5":0},"b":{"0":[0,0],"1":[0,0],"2":[0,0]}}
,"D:\\Documentos\\ESTUDOS\\PROJETO DE BLOCO 2024\\projeto bloco\\src\\pages\\Start.jsx": {"path":"D:\\Documentos\\ESTUDOS\\PROJETO DE BLOCO 2024\\projeto bloco\\src\\pages\\Start.jsx","statementMap":{"0":{"start":{"line":4,"column":14},"end":{"line":15,"column":1}},"1":{"start":{"line":5,"column":21},"end":{"line":5,"column":34}},"2":{"start":{"line":7,"column":26},"end":{"line":9,"column":5}},"3":{"start":{"line":8,"column":8},"end":{"line":8,"column":37}},"4":{"start":{"line":10,"column":4},"end":{"line":14,"column":5}}},"fnMap":{"0":{"name":"(anonymous_0)","decl":{"start":{"line":4,"column":14},"end":{"line":4,"column":15}},"loc":{"start":{"line":4,"column":20},"end":{"line":15,"column":1}},"line":4},"1":{"name":"(anonymous_1)","decl":{"start":{"line":7,"column":26},"end":{"line":7,"column":27}},"loc":{"start":{"line":7,"column":32},"end":{"line":9,"column":5}},"line":7}},"branchMap":{},"s":{"0":0,"1":0,"2":0,"3":0,"4":0},"f":{"0":0,"1":0},"b":{}}
,"D:\\Documentos\\ESTUDOS\\PROJETO DE BLOCO 2024\\projeto bloco\\src\\pages\\Detalhes\\Detalhes.jsx": {"path":"D:\\Documentos\\ESTUDOS\\PROJETO DE BLOCO 2024\\projeto bloco\\src\\pages\\Detalhes\\Detalhes.jsx","statementMap":{"0":{"start":{"line":9,"column":19},"end":{"line":9,"column":30}},"1":{"start":{"line":10,"column":36},"end":{"line":10,"column":50}},"2":{"start":{"line":11,"column":34},"end":{"line":11,"column":48}},"3":{"start":{"line":12,"column":19},"end":{"line":12,"column":53}},"4":{"start":{"line":14,"column":24},"end":{"line":34,"column":5}},"5":{"start":{"line":15,"column":8},"end":{"line":33,"column":9}},"6":{"start":{"line":16,"column":29},"end":{"line":21,"column":14}},"7":{"start":{"line":22,"column":12},"end":{"line":22,"column":39}},"8":{"start":{"line":23,"column":34},"end":{"line":28,"column":14}},"9":{"start":{"line":29,"column":31},"end":{"line":29,"column":102}},"10":{"start":{"line":29,"column":72},"end":{"line":29,"column":96}},"11":{"start":{"line":30,"column":12},"end":{"line":30,"column":35}},"12":{"start":{"line":32,"column":12},"end":{"line":32,"column":61}},"13":{"start":{"line":36,"column":4},"end":{"line":38,"column":13}},"14":{"start":{"line":37,"column":8},"end":{"line":37,"column":22}},"15":{"start":{"line":40,"column":4},"end":{"line":42,"column":5}},"16":{"start":{"line":41,"column":8},"end":{"line":41,"column":40}},"17":{"start":{"line":44,"column":4},"end":{"line":69,"column":6}},"18":{"start":{"line":51,"column":86},"end":{"line":51,"column":96}}},"fnMap":{"0":{"name":"Detalhes","decl":{"start":{"line":8,"column":24},"end":{"line":8,"column":32}},"loc":{"start":{"line":8,"column":35},"end":{"line":70,"column":1}},"line":8},"1":{"name":"(anonymous_1)","decl":{"start":{"line":14,"column":24},"end":{"line":14,"column":25}},"loc":{"start":{"line":14,"column":36},"end":{"line":34,"column":5}},"line":14},"2":{"name":"(anonymous_2)","decl":{"start":{"line":29,"column":63},"end":{"line":29,"column":64}},"loc":{"start":{"line":29,"column":72},"end":{"line":29,"column":96}},"line":29},"3":{"name":"(anonymous_3)","decl":{"start":{"line":36,"column":14},"end":{"line":36,"column":15}},"loc":{"start":{"line":36,"column":20},"end":{"line":38,"column":5}},"line":36},"4":{"name":"(anonymous_4)","decl":{"start":{"line":51,"column":77},"end":{"line":51,"column":78}},"loc":{"start":{"line":51,"column":86},"end":{"line":51,"column":96}},"line":51}},"branchMap":{"0":{"loc":{"start":{"line":40,"column":4},"end":{"line":42,"column":5}},"type":"if","locations":[{"start":{"line":40,"column":4},"end":{"line":42,"column":5}},{"start":{},"end":{}}],"line":40},"1":{"loc":{"start":{"line":54,"column":17},"end":{"line":65,"column":17}},"type":"binary-expr","locations":[{"start":{"line":54,"column":17},"end":{"line":54,"column":24}},{"start":{"line":55,"column":20},"end":{"line":64,"column":26}}],"line":54}},"s":{"0":0,"1":0,"2":0,"3":0,"4":0,"5":0,"6":0,"7":0,"8":0,"9":0,"10":0,"11":0,"12":0,"13":0,"14":0,"15":0,"16":0,"17":0,"18":0},"f":{"0":0,"1":0,"2":0,"3":0,"4":0},"b":{"0":[0,0],"1":[0,0]}}
,"D:\\Documentos\\ESTUDOS\\PROJETO DE BLOCO 2024\\projeto bloco\\src\\pages\\Favoritos\\Favoritos.jsx": {"path":"D:\\Documentos\\ESTUDOS\\PROJETO DE BLOCO 2024\\projeto bloco\\src\\pages\\Favoritos\\Favoritos.jsx","statementMap":{"0":{"start":{"line":11,"column":38},"end":{"line":11,"column":50}},"1":{"start":{"line":12,"column":48},"end":{"line":12,"column":60}},"2":{"start":{"line":13,"column":44},"end":{"line":13,"column":56}},"3":{"start":{"line":14,"column":19},"end":{"line":14,"column":53}},"4":{"start":{"line":16,"column":4},"end":{"line":20,"column":11}},"5":{"start":{"line":17,"column":29},"end":{"line":17,"column":45}},"6":{"start":{"line":18,"column":8},"end":{"line":18,"column":35}},"7":{"start":{"line":19,"column":8},"end":{"line":19,"column":38}},"8":{"start":{"line":22,"column":28},"end":{"line":44,"column":5}},"9":{"start":{"line":23,"column":8},"end":{"line":43,"column":9}},"10":{"start":{"line":24,"column":32},"end":{"line":32,"column":13}},"11":{"start":{"line":25,"column":16},"end":{"line":31,"column":17}},"12":{"start":{"line":28,"column":20},"end":{"line":30,"column":22}},"13":{"start":{"line":34,"column":30},"end":{"line":34,"column":60}},"14":{"start":{"line":35,"column":31},"end":{"line":35,"column":63}},"15":{"start":{"line":35,"column":54},"end":{"line":35,"column":62}},"16":{"start":{"line":36,"column":12},"end":{"line":36,"column":42}},"17":{"start":{"line":39,"column":28},"end":{"line":39,"column":90}},"18":{"start":{"line":39,"column":55},"end":{"line":39,"column":89}},"19":{"start":{"line":39,"column":80},"end":{"line":39,"column":88}},"20":{"start":{"line":40,"column":12},"end":{"line":40,"column":40}},"21":{"start":{"line":42,"column":12},"end":{"line":42,"column":62}},"22":{"start":{"line":46,"column":31},"end":{"line":66,"column":5}},"23":{"start":{"line":47,"column":8},"end":{"line":65,"column":9}},"24":{"start":{"line":49,"column":32},"end":{"line":58,"column":13}},"25":{"start":{"line":50,"column":16},"end":{"line":57,"column":18}},"26":{"start":{"line":60,"column":30},"end":{"line":60,"column":60}},"27":{"start":{"line":61,"column":39},"end":{"line":61,"column":83}},"28":{"start":{"line":61,"column":66},"end":{"line":61,"column":82}},"29":{"start":{"line":62,"column":12},"end":{"line":62,"column":48}},"30":{"start":{"line":64,"column":12},"end":{"line":64,"column":72}},"31":{"start":{"line":68,"column":34},"end":{"line":72,"column":5}},"32":{"start":{"line":69,"column":8},"end":{"line":69,"column":28}},"33":{"start":{"line":70,"column":8},"end":{"line":70,"column":65}},"34":{"start":{"line":70,"column":31},"end":{"line":70,"column":63}},"35":{"start":{"line":70,"column":52},"end":{"line":70,"column":62}},"36":{"start":{"line":71,"column":8},"end":{"line":71,"column":75}},"37":{"start":{"line":71,"column":36},"end":{"line":71,"column":73}},"38":{"start":{"line":71,"column":58},"end":{"line":71,"column":72}},"39":{"start":{"line":74,"column":27},"end":{"line":105,"column":5}},"40":{"start":{"line":75,"column":8},"end":{"line":104,"column":14}},"41":{"start":{"line":95,"column":28},"end":{"line":95,"column":47}},"42":{"start":{"line":96,"column":28},"end":{"line":96,"column":48}},"43":{"start":{"line":97,"column":28},"end":{"line":97,"column":59}},"44":{"start":{"line":107,"column":34},"end":{"line":131,"column":5}},"45":{"start":{"line":108,"column":8},"end":{"line":130,"column":14}},"46":{"start":{"line":133,"column":4},"end":{"line":160,"column":6}},"47":{"start":{"line":141,"column":49},"end":{"line":141,"column":69}},"48":{"start":{"line":152,"column":47},"end":{"line":152,"column":74}}},"fnMap":{"0":{"name":"Favoritos","decl":{"start":{"line":10,"column":24},"end":{"line":10,"column":33}},"loc":{"start":{"line":10,"column":36},"end":{"line":161,"column":1}},"line":10},"1":{"name":"(anonymous_1)","decl":{"start":{"line":16,"column":14},"end":{"line":16,"column":15}},"loc":{"start":{"line":16,"column":20},"end":{"line":20,"column":5}},"line":16},"2":{"name":"(anonymous_2)","decl":{"start":{"line":22,"column":28},"end":{"line":22,"column":29}},"loc":{"start":{"line":22,"column":43},"end":{"line":44,"column":5}},"line":22},"3":{"name":"(anonymous_3)","decl":{"start":{"line":24,"column":40},"end":{"line":24,"column":41}},"loc":{"start":{"line":25,"column":16},"end":{"line":31,"column":17}},"line":25},"4":{"name":"(anonymous_4)","decl":{"start":{"line":27,"column":25},"end":{"line":27,"column":26}},"loc":{"start":{"line":28,"column":20},"end":{"line":30,"column":22}},"line":28},"5":{"name":"(anonymous_5)","decl":{"start":{"line":35,"column":45},"end":{"line":35,"column":46}},"loc":{"start":{"line":35,"column":54},"end":{"line":35,"column":62}},"line":35},"6":{"name":"(anonymous_6)","decl":{"start":{"line":39,"column":47},"end":{"line":39,"column":48}},"loc":{"start":{"line":39,"column":55},"end":{"line":39,"column":89}},"line":39},"7":{"name":"(anonymous_7)","decl":{"start":{"line":39,"column":71},"end":{"line":39,"column":72}},"loc":{"start":{"line":39,"column":80},"end":{"line":39,"column":88}},"line":39},"8":{"name":"(anonymous_8)","decl":{"start":{"line":46,"column":31},"end":{"line":46,"column":32}},"loc":{"start":{"line":46,"column":50},"end":{"line":66,"column":5}},"line":46},"9":{"name":"(anonymous_9)","decl":{"start":{"line":49,"column":44},"end":{"line":49,"column":45}},"loc":{"start":{"line":50,"column":16},"end":{"line":57,"column":18}},"line":50},"10":{"name":"(anonymous_10)","decl":{"start":{"line":61,"column":57},"end":{"line":61,"column":58}},"loc":{"start":{"line":61,"column":66},"end":{"line":61,"column":82}},"line":61},"11":{"name":"(anonymous_11)","decl":{"start":{"line":68,"column":34},"end":{"line":68,"column":35}},"loc":{"start":{"line":68,"column":42},"end":{"line":72,"column":5}},"line":68},"12":{"name":"(anonymous_12)","decl":{"start":{"line":70,"column":21},"end":{"line":70,"column":22}},"loc":{"start":{"line":70,"column":31},"end":{"line":70,"column":63}},"line":70},"13":{"name":"(anonymous_13)","decl":{"start":{"line":70,"column":43},"end":{"line":70,"column":44}},"loc":{"start":{"line":70,"column":52},"end":{"line":70,"column":62}},"line":70},"14":{"name":"(anonymous_14)","decl":{"start":{"line":71,"column":26},"end":{"line":71,"column":27}},"loc":{"start":{"line":71,"column":36},"end":{"line":71,"column":73}},"line":71},"15":{"name":"(anonymous_15)","decl":{"start":{"line":71,"column":48},"end":{"line":71,"column":49}},"loc":{"start":{"line":71,"column":58},"end":{"line":71,"column":72}},"line":71},"16":{"name":"(anonymous_16)","decl":{"start":{"line":74,"column":27},"end":{"line":74,"column":28}},"loc":{"start":{"line":75,"column":8},"end":{"line":104,"column":14}},"line":75},"17":{"name":"(anonymous_17)","decl":{"start":{"line":94,"column":41},"end":{"line":94,"column":42}},"loc":{"start":{"line":94,"column":48},"end":{"line":98,"column":25}},"line":94},"18":{"name":"(anonymous_18)","decl":{"start":{"line":107,"column":34},"end":{"line":107,"column":35}},"loc":{"start":{"line":108,"column":8},"end":{"line":130,"column":14}},"line":108},"19":{"name":"(anonymous_19)","decl":{"start":{"line":141,"column":39},"end":{"line":141,"column":40}},"loc":{"start":{"line":141,"column":49},"end":{"line":141,"column":69}},"line":141},"20":{"name":"(anonymous_20)","decl":{"start":{"line":152,"column":37},"end":{"line":152,"column":38}},"loc":{"start":{"line":152,"column":47},"end":{"line":152,"column":74}},"line":152}},"branchMap":{"0":{"loc":{"start":{"line":80,"column":28},"end":{"line":82,"column":96}},"type":"cond-expr","locations":[{"start":{"line":81,"column":34},"end":{"line":81,"column":86}},{"start":{"line":82,"column":34},"end":{"line":82,"column":96}}],"line":80},"1":{"loc":{"start":{"line":84,"column":29},"end":{"line":84,"column":52}},"type":"binary-expr","locations":[{"start":{"line":84,"column":29},"end":{"line":84,"column":39}},{"start":{"line":84,"column":43},"end":{"line":84,"column":52}}],"line":84},"2":{"loc":{"start":{"line":88,"column":29},"end":{"line":88,"column":52}},"type":"binary-expr","locations":[{"start":{"line":88,"column":29},"end":{"line":88,"column":39}},{"start":{"line":88,"column":43},"end":{"line":88,"column":52}}],"line":88},"3":{"loc":{"start":{"line":92,"column":38},"end":{"line":92,"column":78}},"type":"binary-expr","locations":[{"start":{"line":92,"column":38},"end":{"line":92,"column":55}},{"start":{"line":92,"column":59},"end":{"line":92,"column":78}}],"line":92},"4":{"loc":{"start":{"line":113,"column":28},"end":{"line":115,"column":96}},"type":"cond-expr","locations":[{"start":{"line":114,"column":34},"end":{"line":114,"column":86}},{"start":{"line":115,"column":34},"end":{"line":115,"column":96}}],"line":113},"5":{"loc":{"start":{"line":117,"column":29},"end":{"line":117,"column":52}},"type":"binary-expr","locations":[{"start":{"line":117,"column":29},"end":{"line":117,"column":39}},{"start":{"line":117,"column":43},"end":{"line":117,"column":52}}],"line":117},"6":{"loc":{"start":{"line":121,"column":29},"end":{"line":121,"column":52}},"type":"binary-expr","locations":[{"start":{"line":121,"column":29},"end":{"line":121,"column":39}},{"start":{"line":121,"column":43},"end":{"line":121,"column":52}}],"line":121},"7":{"loc":{"start":{"line":125,"column":38},"end":{"line":125,"column":78}},"type":"binary-expr","locations":[{"start":{"line":125,"column":38},"end":{"line":125,"column":55}},{"start":{"line":125,"column":59},"end":{"line":125,"column":78}}],"line":125},"8":{"loc":{"start":{"line":140,"column":17},"end":{"line":144,"column":17}},"type":"cond-expr","locations":[{"start":{"line":141,"column":20},"end":{"line":141,"column":70}},{"start":{"line":143,"column":20},"end":{"line":143,"column":54}}],"line":140},"9":{"loc":{"start":{"line":151,"column":17},"end":{"line":155,"column":17}},"type":"cond-expr","locations":[{"start":{"line":152,"column":20},"end":{"line":152,"column":75}},{"start":{"line":154,"column":20},"end":{"line":154,"column":68}}],"line":151}},"s":{"0":0,"1":0,"2":0,"3":0,"4":0,"5":0,"6":0,"7":0,"8":0,"9":0,"10":0,"11":0,"12":0,"13":0,"14":0,"15":0,"16":0,"17":0,"18":0,"19":0,"20":0,"21":0,"22":0,"23":0,"24":0,"25":0,"26":0,"27":0,"28":0,"29":0,"30":0,"31":0,"32":0,"33":0,"34":0,"35":0,"36":0,"37":0,"38":0,"39":0,"40":0,"41":0,"42":0,"43":0,"44":0,"45":0,"46":0,"47":0,"48":0},"f":{"0":0,"1":0,"2":0,"3":0,"4":0,"5":0,"6":0,"7":0,"8":0,"9":0,"10":0,"11":0,"12":0,"13":0,"14":0,"15":0,"16":0,"17":0,"18":0,"19":0,"20":0},"b":{"0":[0,0],"1":[0,0],"2":[0,0],"3":[0,0],"4":[0,0],"5":[0,0],"6":[0,0],"7":[0,0],"8":[0,0],"9":[0,0]}}
,"D:\\Documentos\\ESTUDOS\\PROJETO DE BLOCO 2024\\projeto bloco\\src\\pages\\Home\\Home.jsx": {"path":"D:\\Documentos\\ESTUDOS\\PROJETO DE BLOCO 2024\\projeto bloco\\src\\pages\\Home\\Home.jsx","statementMap":{"0":{"start":{"line":8,"column":4},"end":{"line":22,"column":5}}},"fnMap":{"0":{"name":"Home","decl":{"start":{"line":7,"column":24},"end":{"line":7,"column":28}},"loc":{"start":{"line":7,"column":31},"end":{"line":23,"column":1}},"line":7}},"branchMap":{},"s":{"0":0},"f":{"0":0},"b":{}}
,"D:\\Documentos\\ESTUDOS\\PROJETO DE BLOCO 2024\\projeto bloco\\src\\pages\\notFound\\notFound.jsx": {"path":"D:\\Documentos\\ESTUDOS\\PROJETO DE BLOCO 2024\\projeto bloco\\src\\pages\\notFound\\notFound.jsx","statementMap":{"0":{"start":{"line":5,"column":4},"end":{"line":14,"column":5}}},"fnMap":{"0":{"name":"NotFound","decl":{"start":{"line":4,"column":24},"end":{"line":4,"column":32}},"loc":{"start":{"line":4,"column":35},"end":{"line":15,"column":1}},"line":4}},"branchMap":{},"s":{"0":0},"f":{"0":0},"b":{}}
,"D:\\Documentos\\ESTUDOS\\PROJETO DE BLOCO 2024\\projeto bloco\\src\\routes\\index.jsx": {"path":"D:\\Documentos\\ESTUDOS\\PROJETO DE BLOCO 2024\\projeto bloco\\src\\routes\\index.jsx","statementMap":{"0":{"start":{"line":12,"column":21},"end":{"line":15,"column":1}},"1":{"start":{"line":13,"column":28},"end":{"line":13,"column":90}},"2":{"start":{"line":14,"column":4},"end":{"line":14,"column":75}},"3":{"start":{"line":18,"column":15},"end":{"line":43,"column":2}},"4":{"start":{"line":45,"column":18},"end":{"line":60,"column":1}},"5":{"start":{"line":46,"column":22},"end":{"line":46,"column":60}},"6":{"start":{"line":47,"column":4},"end":{"line":53,"column":5}},"7":{"start":{"line":48,"column":8},"end":{"line":48,"column":69}},"8":{"start":{"line":49,"column":11},"end":{"line":53,"column":5}},"9":{"start":{"line":50,"column":8},"end":{"line":50,"column":68}},"10":{"start":{"line":51,"column":11},"end":{"line":53,"column":5}},"11":{"start":{"line":52,"column":8},"end":{"line":52,"column":69}},"12":{"start":{"line":55,"column":4},"end":{"line":59,"column":6}}},"fnMap":{"0":{"name":"(anonymous_0)","decl":{"start":{"line":12,"column":21},"end":{"line":12,"column":22}},"loc":{"start":{"line":12,"column":38},"end":{"line":15,"column":1}},"line":12},"1":{"name":"(anonymous_1)","decl":{"start":{"line":45,"column":18},"end":{"line":45,"column":19}},"loc":{"start":{"line":45,"column":24},"end":{"line":60,"column":1}},"line":45}},"branchMap":{"0":{"loc":{"start":{"line":13,"column":28},"end":{"line":13,"column":90}},"type":"binary-expr","locations":[{"start":{"line":13,"column":28},"end":{"line":13,"column":57}},{"start":{"line":13,"column":61},"end":{"line":13,"column":90}}],"line":13},"1":{"loc":{"start":{"line":14,"column":11},"end":{"line":14,"column":74}},"type":"cond-expr","locations":[{"start":{"line":14,"column":29},"end":{"line":14,"column":36}},{"start":{"line":14,"column":39},"end":{"line":14,"column":74}}],"line":14},"2":{"loc":{"start":{"line":46,"column":22},"end":{"line":46,"column":60}},"type":"binary-expr","locations":[{"start":{"line":46,"column":22},"end":{"line":46,"column":52}},{"start":{"line":46,"column":56},"end":{"line":46,"column":60}}],"line":46},"3":{"loc":{"start":{"line":47,"column":4},"end":{"line":53,"column":5}},"type":"if","locations":[{"start":{"line":47,"column":4},"end":{"line":53,"column":5}},{"start":{"line":49,"column":11},"end":{"line":53,"column":5}}],"line":47},"4":{"loc":{"start":{"line":49,"column":11},"end":{"line":53,"column":5}},"type":"if","locations":[{"start":{"line":49,"column":11},"end":{"line":53,"column":5}},{"start":{"line":51,"column":11},"end":{"line":53,"column":5}}],"line":49},"5":{"loc":{"start":{"line":51,"column":11},"end":{"line":53,"column":5}},"type":"if","locations":[{"start":{"line":51,"column":11},"end":{"line":53,"column":5}},{"start":{},"end":{}}],"line":51}},"s":{"0":0,"1":0,"2":0,"3":0,"4":0,"5":0,"6":0,"7":0,"8":0,"9":0,"10":0,"11":0,"12":0},"f":{"0":0,"1":0},"b":{"0":[0,0],"1":[0,0],"2":[0,0],"3":[0,0],"4":[0,0],"5":[0,0]}}
,"D:\\Documentos\\ESTUDOS\\PROJETO DE BLOCO 2024\\projeto bloco\\src\\test\\setup.js": {"path":"D:\\Documentos\\ESTUDOS\\PROJETO DE BLOCO 2024\\projeto bloco\\src\\test\\setup.js","statementMap":{},"fnMap":{},"branchMap":{},"s":{},"f":{},"b":{}}
}
